<?xml version="1.0" encoding="UTF-8"?>
<testng-results ignored="0" total="1" passed="1" failed="0" skipped="0">
  <reporter-output>
  </reporter-output>
  <suite started-at="2023-05-26T08:24:50 EDT" name="GatewayPayment" finished-at="2023-05-26T08:25:31 EDT" duration-ms="40450">
    <groups>
    </groups>
    <test started-at="2023-05-26T08:24:50 EDT" name="Test" finished-at="2023-05-26T08:25:31 EDT" duration-ms="40450">
      <class name="GatwayTest.TC_001_GuruGatewyTest">
        <test-method is-config="true" signature="setUp(java.lang.String)[pri:0, instance:GatwayTest.TC_001_GuruGatewyTest@32502377]" started-at="2023-05-26T08:24:51 EDT" name="setUp" finished-at="2023-05-26T08:25:01 EDT" duration-ms="10259" status="PASS">
          <params>
            <param index="0">
              <value>
                <![CDATA[chrome]]>
              </value>
            </param>
          </params>
          <reporter-output>
          </reporter-output>
        </test-method> <!-- setUp -->
        <test-method signature="buyAProduct()[pri:0, instance:GatwayTest.TC_001_GuruGatewyTest@32502377]" started-at="2023-05-26T08:25:01 EDT" name="buyAProduct" finished-at="2023-05-26T08:25:30 EDT" duration-ms="29322" status="PASS">
          <reporter-output>
          </reporter-output>
        </test-method> <!-- buyAProduct -->
        <test-method is-config="true" signature="tearDown()[pri:0, instance:GatwayTest.TC_001_GuruGatewyTest@32502377]" started-at="2023-05-26T08:25:30 EDT" name="tearDown" finished-at="2023-05-26T08:25:31 EDT" duration-ms="282" status="PASS">
          <reporter-output>
          </reporter-output>
        </test-method> <!-- tearDown -->
      </class> <!-- GatwayTest.TC_001_GuruGatewyTest -->
    </test> <!-- Test -->
  </suite> <!-- GatewayPayment -->
</testng-results>
