<?xml version="1.0" encoding="UTF-8"?>
<testng-results ignored="0" total="1" passed="1" failed="0" skipped="0">
  <reporter-output>
  </reporter-output>
  <suite started-at="2023-05-26T09:05:25 EDT" name="GatewayPayment" finished-at="2023-05-26T09:06:27 EDT" duration-ms="62624">
    <groups>
    </groups>
    <test started-at="2023-05-26T09:05:25 EDT" name="Test" finished-at="2023-05-26T09:06:27 EDT" duration-ms="62624">
      <class name="GatwayTest.TC_001_GuruGatewyTest">
        <test-method is-config="true" signature="setUp(java.lang.String)[pri:0, instance:GatwayTest.TC_001_GuruGatewyTest@7bd4937b]" started-at="2023-05-26T09:05:25 EDT" name="setUp" finished-at="2023-05-26T09:05:57 EDT" duration-ms="32065" status="PASS">
          <params>
            <param index="0">
              <value>
                <![CDATA[chrome]]>
              </value>
            </param>
          </params>
          <reporter-output>
          </reporter-output>
        </test-method> <!-- setUp -->
        <test-method signature="buyAProduct()[pri:0, instance:GatwayTest.TC_001_GuruGatewyTest@7bd4937b]" started-at="2023-05-26T09:05:57 EDT" name="buyAProduct" finished-at="2023-05-26T09:06:26 EDT" duration-ms="28220" status="PASS">
          <reporter-output>
          </reporter-output>
        </test-method> <!-- buyAProduct -->
        <test-method is-config="true" signature="tearDown()[pri:0, instance:GatwayTest.TC_001_GuruGatewyTest@7bd4937b]" started-at="2023-05-26T09:06:26 EDT" name="tearDown" finished-at="2023-05-26T09:06:27 EDT" duration-ms="1697" status="PASS">
          <reporter-output>
          </reporter-output>
        </test-method> <!-- tearDown -->
      </class> <!-- GatwayTest.TC_001_GuruGatewyTest -->
    </test> <!-- Test -->
  </suite> <!-- GatewayPayment -->
</testng-results>
