<?xml version="1.0" encoding="UTF-8"?>
<testng-results ignored="0" total="1" passed="1" failed="0" skipped="0">
  <reporter-output>
  </reporter-output>
  <suite started-at="2023-05-23T13:10:43 EDT" name="GatewayPayment" finished-at="2023-05-23T13:11:18 EDT" duration-ms="35211">
    <groups>
    </groups>
    <test started-at="2023-05-23T13:10:43 EDT" name="Test" finished-at="2023-05-23T13:11:18 EDT" duration-ms="35211">
      <class name="GatwayTest.TC_001_GuruGatewyTest">
        <test-method is-config="true" signature="setUp(java.lang.String)[pri:0, instance:GatwayTest.TC_001_GuruGatewyTest@4803b726]" started-at="2023-05-23T13:10:43 EDT" name="setUp" finished-at="2023-05-23T13:11:00 EDT" duration-ms="17215" status="PASS">
          <params>
            <param index="0">
              <value>
                <![CDATA[chrome]]>
              </value>
            </param>
          </params>
          <reporter-output>
          </reporter-output>
        </test-method> <!-- setUp -->
        <test-method signature="buyAProduct()[pri:0, instance:GatwayTest.TC_001_GuruGatewyTest@4803b726]" started-at="2023-05-23T13:11:00 EDT" name="buyAProduct" finished-at="2023-05-23T13:11:17 EDT" duration-ms="17280" status="PASS">
          <reporter-output>
          </reporter-output>
        </test-method> <!-- buyAProduct -->
        <test-method is-config="true" signature="tearDown()[pri:0, instance:GatwayTest.TC_001_GuruGatewyTest@4803b726]" started-at="2023-05-23T13:11:17 EDT" name="tearDown" finished-at="2023-05-23T13:11:18 EDT" duration-ms="634" status="PASS">
          <reporter-output>
          </reporter-output>
        </test-method> <!-- tearDown -->
      </class> <!-- GatwayTest.TC_001_GuruGatewyTest -->
    </test> <!-- Test -->
  </suite> <!-- GatewayPayment -->
</testng-results>
